0 info it worked if it ends with ok
1 verbose cli [ 'node', '/usr/local/bin/npm', 'publish', '.' ]
2 info using npm@1.1.62
3 info using node@v0.8.11
4 verbose publish [ '.' ]
5 verbose read json /Users/simon.lindsay/PROJECTS/grunt-localtunnel/package.json
6 verbose cache add [ '.', null ]
7 silly cache add name=undefined spec="." args=[".",null]
8 verbose parsed url { pathname: '.', path: '.', href: '.' }
9 silly lockFile 3a52ce78- .
10 verbose lock . /Users/simon.lindsay/.npm/3a52ce78-.lock
11 verbose read json package.json
12 verbose tar pack [ '/var/folders/wn/cs4k5f4s3rb42jmc4b_q_nw9knl4k8/T/npm-17664/1356647958568-0.1670349205378443/tmp.tgz',
12 verbose tar pack   '.' ]
13 verbose tarball /var/folders/wn/cs4k5f4s3rb42jmc4b_q_nw9knl4k8/T/npm-17664/1356647958568-0.1670349205378443/tmp.tgz
14 verbose folder .
15 info prepublish grunt-localtunnel@0.0.2
16 silly lockFile f01a5059-58568-0-1670349205378443-tmp-tgz /var/folders/wn/cs4k5f4s3rb42jmc4b_q_nw9knl4k8/T/npm-17664/1356647958568-0.1670349205378443/tmp.tgz
17 verbose lock /var/folders/wn/cs4k5f4s3rb42jmc4b_q_nw9knl4k8/T/npm-17664/1356647958568-0.1670349205378443/tmp.tgz /Users/simon.lindsay/.npm/f01a5059-58568-0-1670349205378443-tmp-tgz.lock
18 silly lockFile f01a5059-58568-0-1670349205378443-tmp-tgz /var/folders/wn/cs4k5f4s3rb42jmc4b_q_nw9knl4k8/T/npm-17664/1356647958568-0.1670349205378443/tmp.tgz
19 verbose tar unpack /var/folders/wn/cs4k5f4s3rb42jmc4b_q_nw9knl4k8/T/npm-17664/1356647958568-0.1670349205378443/tmp.tgz
20 silly lockFile 8f9bf2f8-58568-0-1670349205378443-package /var/folders/wn/cs4k5f4s3rb42jmc4b_q_nw9knl4k8/T/npm-17664/1356647958568-0.1670349205378443/package
21 verbose lock /var/folders/wn/cs4k5f4s3rb42jmc4b_q_nw9knl4k8/T/npm-17664/1356647958568-0.1670349205378443/package /Users/simon.lindsay/.npm/8f9bf2f8-58568-0-1670349205378443-package.lock
22 silly gunzTarPerm modes [ '755', '644' ]
23 silly gunzTarPerm extractEntry package.json
24 silly gunzTarPerm extractEntry .npmignore
25 silly gunzTarPerm extractEntry README.md
26 silly gunzTarPerm extractEntry grunt.js
27 silly gunzTarPerm extractEntry tasks/localtunnel.js
28 verbose read json /var/folders/wn/cs4k5f4s3rb42jmc4b_q_nw9knl4k8/T/npm-17664/1356647958568-0.1670349205378443/package/package.json
29 silly lockFile 8f9bf2f8-58568-0-1670349205378443-package /var/folders/wn/cs4k5f4s3rb42jmc4b_q_nw9knl4k8/T/npm-17664/1356647958568-0.1670349205378443/package
30 verbose from cache /var/folders/wn/cs4k5f4s3rb42jmc4b_q_nw9knl4k8/T/npm-17664/1356647958568-0.1670349205378443/package/package.json
31 verbose tar pack [ '/Users/simon.lindsay/.npm/grunt-localtunnel/0.0.2/package.tgz',
31 verbose tar pack   '/var/folders/wn/cs4k5f4s3rb42jmc4b_q_nw9knl4k8/T/npm-17664/1356647958568-0.1670349205378443/package' ]
32 verbose tarball /Users/simon.lindsay/.npm/grunt-localtunnel/0.0.2/package.tgz
33 verbose folder /var/folders/wn/cs4k5f4s3rb42jmc4b_q_nw9knl4k8/T/npm-17664/1356647958568-0.1670349205378443/package
34 silly lockFile 42898ce1-nt-localtunnel-0-0-2-package-tgz /Users/simon.lindsay/.npm/grunt-localtunnel/0.0.2/package.tgz
35 verbose lock /Users/simon.lindsay/.npm/grunt-localtunnel/0.0.2/package.tgz /Users/simon.lindsay/.npm/42898ce1-nt-localtunnel-0-0-2-package-tgz.lock
36 silly lockFile 42898ce1-nt-localtunnel-0-0-2-package-tgz /Users/simon.lindsay/.npm/grunt-localtunnel/0.0.2/package.tgz
37 silly lockFile feefcbb1--grunt-localtunnel-0-0-2-package /Users/simon.lindsay/.npm/grunt-localtunnel/0.0.2/package
38 verbose lock /Users/simon.lindsay/.npm/grunt-localtunnel/0.0.2/package /Users/simon.lindsay/.npm/feefcbb1--grunt-localtunnel-0-0-2-package.lock
39 silly lockFile feefcbb1--grunt-localtunnel-0-0-2-package /Users/simon.lindsay/.npm/grunt-localtunnel/0.0.2/package
40 verbose tar unpack /Users/simon.lindsay/.npm/grunt-localtunnel/0.0.2/package.tgz
41 silly lockFile feefcbb1--grunt-localtunnel-0-0-2-package /Users/simon.lindsay/.npm/grunt-localtunnel/0.0.2/package
42 verbose lock /Users/simon.lindsay/.npm/grunt-localtunnel/0.0.2/package /Users/simon.lindsay/.npm/feefcbb1--grunt-localtunnel-0-0-2-package.lock
43 silly gunzTarPerm modes [ '755', '644' ]
44 silly gunzTarPerm extractEntry package.json
45 silly gunzTarPerm extractEntry .npmignore
46 silly gunzTarPerm extractEntry README.md
47 silly gunzTarPerm extractEntry grunt.js
48 silly gunzTarPerm extractEntry tasks/localtunnel.js
49 verbose read json /Users/simon.lindsay/.npm/grunt-localtunnel/0.0.2/package/package.json
50 silly lockFile feefcbb1--grunt-localtunnel-0-0-2-package /Users/simon.lindsay/.npm/grunt-localtunnel/0.0.2/package
51 silly shasum updated bytes 1987
52 info shasum c4e6c1b81586509311dcde5f88004a916907cf5d
52 info shasum /Users/simon.lindsay/.npm/grunt-localtunnel/0.0.2/package.tgz
53 verbose from cache /Users/simon.lindsay/.npm/grunt-localtunnel/0.0.2/package/package.json
54 verbose chmod /Users/simon.lindsay/.npm/grunt-localtunnel/0.0.2/package.tgz 644
55 verbose chown /Users/simon.lindsay/.npm/grunt-localtunnel/0.0.2/package.tgz [ 1700368968, 248905189 ]
56 silly lockFile 3a52ce78- .
57 silly publish { name: 'grunt-localtunnel',
57 silly publish   description: 'start a localtunnel session',
57 silly publish   version: '0.0.2',
57 silly publish   homepage: 'https://github.com/simonlindsay/grunt-localtunnel',
57 silly publish   author: { name: 'Simon Lindsay', email: 'simonlindsay@gmail.com' },
57 silly publish   contributors: [],
57 silly publish   repository:
57 silly publish    { type: 'git',
57 silly publish      url: 'git://github.com/simonlindsay//grunt-localtunnel.git' },
57 silly publish   bugs: { url: 'https://github.com/vojtajina/grunt-localtunnel/issues' },
57 silly publish   main: 'grunt.js',
57 silly publish   engines: { node: '*' },
57 silly publish   scripts: { test: 'grunt test' },
57 silly publish   dependencies: {},
57 silly publish   devDependencies: { grunt: '>=0.3.8', localtunnel: '>=0.0.4' },
57 silly publish   keywords: [ 'gruntlocaltunnel' ],
57 silly publish   readme: '# grunt-localtunnel\n\n**Grunt Local Tunnel.**\n\n## Installation\n\nInstall npm package, next to your project\'s `grunt.js` file:\n\n    npm install grunt-localtunnel\n\nAdd this line to your project\'s `grunt.js`:\n\n    grunt.loadNpmTasks(\'grunt-localtunnel\');',
57 silly publish   _id: 'grunt-localtunnel@0.0.2',
57 silly publish   dist: { shasum: 'c4e6c1b81586509311dcde5f88004a916907cf5d' },
57 silly publish   _from: 'grunt-bump' }
58 verbose url raw grunt-localtunnel
59 verbose url resolving [ 'https://registry.npmjs.org/', './grunt-localtunnel' ]
60 verbose url resolved https://registry.npmjs.org/grunt-localtunnel
61 info trying registry request attempt 1 at 17:39:18
62 http PUT https://registry.npmjs.org/grunt-localtunnel
63 http 409 https://registry.npmjs.org/grunt-localtunnel
64 verbose url raw grunt-localtunnel
65 verbose url resolving [ 'https://registry.npmjs.org/', './grunt-localtunnel' ]
66 verbose url resolved https://registry.npmjs.org/grunt-localtunnel
67 info trying registry request attempt 1 at 17:39:18
68 http GET https://registry.npmjs.org/grunt-localtunnel
69 http 200 https://registry.npmjs.org/grunt-localtunnel
70 error publish fail Cannot publish over existing version.
70 error publish fail Bump the 'version' field, set the --force flag, or
70 error publish fail     npm unpublish 'grunt-localtunnel@0.0.2'
70 error publish fail and try again
71 error System Darwin 11.4.2
72 error command "node" "/usr/local/bin/npm" "publish" "."
73 error cwd /Users/simon.lindsay/PROJECTS/grunt-localtunnel
74 error node -v v0.8.11
75 error npm -v 1.1.62
76 error code EPUBLISHCONFLICT
77 verbose exit [ 1, true ]
